mode: set
github.com/fyuan1316/operatorlib/clients/config.go:9.40,11.16 2 0
github.com/fyuan1316/operatorlib/clients/config.go:14.2,14.17 1 0
github.com/fyuan1316/operatorlib/clients/config.go:11.16,13.3 1 0
github.com/fyuan1316/operatorlib/task/chart/chart2.go:30.66,32.2 1 0
github.com/fyuan1316/operatorlib/task/chart/chart2.go:33.29,39.52 2 0
github.com/fyuan1316/operatorlib/task/chart/chart2.go:42.2,42.51 1 0
github.com/fyuan1316/operatorlib/task/chart/chart2.go:45.2,46.17 2 0
github.com/fyuan1316/operatorlib/task/chart/chart2.go:39.52,40.13 1 0
github.com/fyuan1316/operatorlib/task/chart/chart2.go:42.51,43.13 1 0
github.com/fyuan1316/operatorlib/task/chart/chart2.go:49.69,51.37 2 0
github.com/fyuan1316/operatorlib/task/chart/chart2.go:55.2,56.16 2 0
github.com/fyuan1316/operatorlib/task/chart/chart2.go:59.2,59.31 1 0
github.com/fyuan1316/operatorlib/task/chart/chart2.go:64.2,64.12 1 0
github.com/fyuan1316/operatorlib/task/chart/chart2.go:51.37,53.3 1 0
github.com/fyuan1316/operatorlib/task/chart/chart2.go:56.16,58.3 1 0
github.com/fyuan1316/operatorlib/task/chart/chart2.go:59.31,60.52 1 0
github.com/fyuan1316/operatorlib/task/chart/chart2.go:60.52,62.4 1 0
github.com/fyuan1316/operatorlib/task/chart/chart2.go:66.70,71.16 3 0
github.com/fyuan1316/operatorlib/task/chart/chart2.go:74.2,74.31 1 0
github.com/fyuan1316/operatorlib/task/chart/chart2.go:79.2,79.12 1 0
github.com/fyuan1316/operatorlib/task/chart/chart2.go:71.16,73.3 1 0
github.com/fyuan1316/operatorlib/task/chart/chart2.go:74.31,75.53 1 0
github.com/fyuan1316/operatorlib/task/chart/chart2.go:75.53,77.4 1 0
github.com/fyuan1316/operatorlib/task/chart/chart2.go:82.86,86.25 3 0
github.com/fyuan1316/operatorlib/task/chart/chart2.go:93.2,102.16 4 0
github.com/fyuan1316/operatorlib/task/chart/chart2.go:105.2,106.69 2 0
github.com/fyuan1316/operatorlib/task/chart/chart2.go:110.2,110.71 1 0
github.com/fyuan1316/operatorlib/task/chart/chart2.go:114.2,114.22 1 0
github.com/fyuan1316/operatorlib/task/chart/chart2.go:86.25,88.80 2 0
github.com/fyuan1316/operatorlib/task/chart/chart2.go:88.80,90.4 1 0
github.com/fyuan1316/operatorlib/task/chart/chart2.go:102.16,104.3 1 0
github.com/fyuan1316/operatorlib/task/chart/chart2.go:106.69,108.3 1 0
github.com/fyuan1316/operatorlib/task/chart/chart2.go:110.71,113.3 2 0
github.com/fyuan1316/operatorlib/task/chart/chart2.go:119.81,121.26 2 0
github.com/fyuan1316/operatorlib/task/chart/chart2.go:126.2,126.10 1 0
github.com/fyuan1316/operatorlib/task/chart/chart2.go:121.26,122.12 1 0
github.com/fyuan1316/operatorlib/task/chart/chart2.go:122.12,124.4 1 0
github.com/fyuan1316/operatorlib/task/chart/chart2.go:128.52,131.39 3 0
github.com/fyuan1316/operatorlib/task/chart/chart2.go:143.2,143.10 1 0
github.com/fyuan1316/operatorlib/task/chart/chart2.go:131.39,132.40 1 0
github.com/fyuan1316/operatorlib/task/chart/chart2.go:132.40,135.29 3 0
github.com/fyuan1316/operatorlib/task/chart/chart2.go:135.29,138.5 2 0
github.com/fyuan1316/operatorlib/task/chart/chart2.go:139.9,141.4 1 0
github.com/fyuan1316/operatorlib/task/chart/chart2.go:146.40,147.35 1 0
github.com/fyuan1316/operatorlib/task/chart/chart2.go:154.2,154.12 1 0
github.com/fyuan1316/operatorlib/task/chart/chart2.go:147.35,148.44 1 0
github.com/fyuan1316/operatorlib/task/chart/chart2.go:148.44,149.56 1 0
github.com/fyuan1316/operatorlib/task/chart/chart2.go:149.56,151.5 1 0
github.com/fyuan1316/operatorlib/task/chart/chart2.go:169.35,170.23 1 0
github.com/fyuan1316/operatorlib/task/chart/chart2.go:172.62,174.2 1 0
github.com/fyuan1316/operatorlib/task/chart/chart2.go:175.59,176.69 1 0
github.com/fyuan1316/operatorlib/task/chart/chart2.go:176.69,178.3 1 0
github.com/fyuan1316/operatorlib/task/chart/chart2.go:178.8,178.75 1 0
github.com/fyuan1316/operatorlib/task/chart/chart2.go:178.75,180.3 1 0
github.com/fyuan1316/operatorlib/task/chart/chart2.go:180.8,182.3 1 0
github.com/fyuan1316/operatorlib/task/chart/chart2.go:184.61,186.2 1 0
github.com/fyuan1316/operatorlib/task/chart/chart2.go:187.62,189.2 1 0
